<?xml version="1.0" encoding="UTF-8"?>
<!-- Generated by org.testng.reporters.JUnitXMLReporter -->
<testsuite hostname="CLDmamanrique01" ignored="2" name="Command line test" tests="2" failures="0" timestamp="21 Nov 2018 15:46:42 GMT" time="86.813" errors="0">
  <testcase name="minAssigneeInfoDependentProjection" time="24.257" classname="Test.TestsDataDriven"/>
  <testcase name="minAssigneeInfoDependentProjection" time="42.807" classname="Test.TestsDataDriven"/>
  <testcase name="dataDrivenMinAssigneeInfoStateProjection" time="0.0" classname="Test.TestsDataDriven">
    <ignored/>
  </testcase> <!-- dataDrivenMinAssigneeInfoStateProjection -->
  <testcase name="dataDrivenMinAssigneeInfoNoStateProjection" time="0.0" classname="Test.TestsDataDriven">
    <ignored/>
  </testcase> <!-- dataDrivenMinAssigneeInfoNoStateProjection -->
</testsuite> <!-- Command line test -->
