<?xml version="1.0" encoding="UTF-8"?>
<!-- Generated by org.testng.reporters.JUnitXMLReporter -->
<testsuite hostname="CLDmamanrique01" ignored="0" name="Command line test" tests="5" failures="0" timestamp="24 Oct 2018 20:45:23 GMT" time="509.474" errors="0">
  <testcase name="dataDrivenMinAssigneeInfoNoStateProjection" time="110.841" classname="Test.Tests"/>
  <testcase name="dataDrivenMinAssigneeInfoNoStateProjection" time="58.381" classname="Test.Tests"/>
  <testcase name="dataDrivenMinAssigneeInfoNoStateProjection" time="112.037" classname="Test.Tests"/>
  <testcase name="dataDrivenMinAssigneeInfoNoStateProjection" time="50.695" classname="Test.Tests"/>
  <testcase name="dataDrivenMinAssigneeInfoNoStateProjection" time="94.606" classname="Test.Tests"/>
</testsuite> <!-- Command line test -->
