<?xml version="1.0" encoding="UTF-8"?>
<testng-results skipped="0" failed="0" ignored="0" total="5" passed="5">
  <reporter-output>
  </reporter-output>
  <suite name="Command line suite" duration-ms="509474" started-at="2018-10-24T20:36:53Z" finished-at="2018-10-24T20:45:22Z">
    <groups>
    </groups>
    <test name="Command line test" duration-ms="509474" started-at="2018-10-24T20:36:53Z" finished-at="2018-10-24T20:45:22Z">
      <class name="Test.Tests">
        <test-method status="PASS" signature="setUp()[pri:0, instance:Test.Tests@4e04a765]" name="setUp" is-config="true" duration-ms="16316" started-at="2018-10-24T20:36:56Z" finished-at="2018-10-24T20:37:13Z">
          <reporter-output>
          </reporter-output>
        </test-method> <!-- setUp -->
        <test-method status="PASS" signature="dataDrivenMinAssigneeInfoNoStateProjection(java.lang.String, java.lang.String, java.lang.String, java.lang.Double, java.lang.String, java.lang.String, java.lang.String)[pri:0, instance:Test.Tests@4e04a765]" name="dataDrivenMinAssigneeInfoNoStateProjection" duration-ms="110841" started-at="2018-10-24T20:37:13Z" data-provider="getData" finished-at="2018-10-24T20:39:04Z">
          <params>
            <param index="0">
              <value>
                <![CDATA[Test Excel]]>
              </value>
            </param>
            <param index="1">
              <value>
                <![CDATA[Australia]]>
              </value>
            </param>
            <param index="2">
              <value>
                <![CDATA[Argentina]]>
              </value>
            </param>
            <param index="3">
              <value>
                <![CDATA[45000.0]]>
              </value>
            </param>
            <param index="4">
              <value>
                <![CDATA[1/01/18]]>
              </value>
            </param>
            <param index="5">
              <value>
                <![CDATA[12/31/2018]]>
              </value>
            </param>
            <param index="6">
              <value>
                <![CDATA[CP Plus PPT]]>
              </value>
            </param>
          </params>
          <reporter-output>
          </reporter-output>
        </test-method> <!-- dataDrivenMinAssigneeInfoNoStateProjection -->
        <test-method status="PASS" signature="tearDown()[pri:0, instance:Test.Tests@4e04a765]" name="tearDown" is-config="true" duration-ms="1378" started-at="2018-10-24T20:39:04Z" finished-at="2018-10-24T20:39:05Z">
          <reporter-output>
          </reporter-output>
        </test-method> <!-- tearDown -->
        <test-method status="PASS" signature="setUp()[pri:0, instance:Test.Tests@4e04a765]" name="setUp" is-config="true" duration-ms="12884" started-at="2018-10-24T20:39:05Z" finished-at="2018-10-24T20:39:18Z">
          <reporter-output>
          </reporter-output>
        </test-method> <!-- setUp -->
        <test-method status="PASS" signature="dataDrivenMinAssigneeInfoNoStateProjection(java.lang.String, java.lang.String, java.lang.String, java.lang.Double, java.lang.String, java.lang.String, java.lang.String)[pri:0, instance:Test.Tests@4e04a765]" name="dataDrivenMinAssigneeInfoNoStateProjection" duration-ms="58381" started-at="2018-10-24T20:39:18Z" data-provider="getData" finished-at="2018-10-24T20:40:16Z">
          <params>
            <param index="0">
              <value>
                <![CDATA[Test Excel 2]]>
              </value>
            </param>
            <param index="1">
              <value>
                <![CDATA[Brazil]]>
              </value>
            </param>
            <param index="2">
              <value>
                <![CDATA[Argentina]]>
              </value>
            </param>
            <param index="3">
              <value>
                <![CDATA[78000.0]]>
              </value>
            </param>
            <param index="4">
              <value>
                <![CDATA[1/01/18]]>
              </value>
            </param>
            <param index="5">
              <value>
                <![CDATA[12/31/2018]]>
              </value>
            </param>
            <param index="6">
              <value>
                <![CDATA[CP Plus PPT]]>
              </value>
            </param>
          </params>
          <reporter-output>
          </reporter-output>
        </test-method> <!-- dataDrivenMinAssigneeInfoNoStateProjection -->
        <test-method status="PASS" signature="tearDown()[pri:0, instance:Test.Tests@4e04a765]" name="tearDown" is-config="true" duration-ms="1618" started-at="2018-10-24T20:40:16Z" finished-at="2018-10-24T20:40:18Z">
          <reporter-output>
          </reporter-output>
        </test-method> <!-- tearDown -->
        <test-method status="PASS" signature="setUp()[pri:0, instance:Test.Tests@4e04a765]" name="setUp" is-config="true" duration-ms="16753" started-at="2018-10-24T20:40:18Z" finished-at="2018-10-24T20:40:35Z">
          <reporter-output>
          </reporter-output>
        </test-method> <!-- setUp -->
        <test-method status="PASS" signature="dataDrivenMinAssigneeInfoNoStateProjection(java.lang.String, java.lang.String, java.lang.String, java.lang.Double, java.lang.String, java.lang.String, java.lang.String)[pri:0, instance:Test.Tests@4e04a765]" name="dataDrivenMinAssigneeInfoNoStateProjection" duration-ms="112037" started-at="2018-10-24T20:40:35Z" data-provider="getData" finished-at="2018-10-24T20:42:27Z">
          <params>
            <param index="0">
              <value>
                <![CDATA[Test Excel 3]]>
              </value>
            </param>
            <param index="1">
              <value>
                <![CDATA[Australia]]>
              </value>
            </param>
            <param index="2">
              <value>
                <![CDATA[Colombia]]>
              </value>
            </param>
            <param index="3">
              <value>
                <![CDATA[90000.0]]>
              </value>
            </param>
            <param index="4">
              <value>
                <![CDATA[1/01/18]]>
              </value>
            </param>
            <param index="5">
              <value>
                <![CDATA[12/31/2018]]>
              </value>
            </param>
            <param index="6">
              <value>
                <![CDATA[CP Plus PPT]]>
              </value>
            </param>
          </params>
          <reporter-output>
          </reporter-output>
        </test-method> <!-- dataDrivenMinAssigneeInfoNoStateProjection -->
        <test-method status="PASS" signature="tearDown()[pri:0, instance:Test.Tests@4e04a765]" name="tearDown" is-config="true" duration-ms="999" started-at="2018-10-24T20:42:27Z" finished-at="2018-10-24T20:42:28Z">
          <reporter-output>
          </reporter-output>
        </test-method> <!-- tearDown -->
        <test-method status="PASS" signature="setUp()[pri:0, instance:Test.Tests@4e04a765]" name="setUp" is-config="true" duration-ms="14755" started-at="2018-10-24T20:42:28Z" finished-at="2018-10-24T20:42:42Z">
          <reporter-output>
          </reporter-output>
        </test-method> <!-- setUp -->
        <test-method status="PASS" signature="dataDrivenMinAssigneeInfoNoStateProjection(java.lang.String, java.lang.String, java.lang.String, java.lang.Double, java.lang.String, java.lang.String, java.lang.String)[pri:0, instance:Test.Tests@4e04a765]" name="dataDrivenMinAssigneeInfoNoStateProjection" duration-ms="50695" started-at="2018-10-24T20:42:42Z" data-provider="getData" finished-at="2018-10-24T20:43:33Z">
          <params>
            <param index="0">
              <value>
                <![CDATA[Test Excel 4]]>
              </value>
            </param>
            <param index="1">
              <value>
                <![CDATA[Austria]]>
              </value>
            </param>
            <param index="2">
              <value>
                <![CDATA[Argentina]]>
              </value>
            </param>
            <param index="3">
              <value>
                <![CDATA[55000.0]]>
              </value>
            </param>
            <param index="4">
              <value>
                <![CDATA[1/01/18]]>
              </value>
            </param>
            <param index="5">
              <value>
                <![CDATA[12/31/2018]]>
              </value>
            </param>
            <param index="6">
              <value>
                <![CDATA[CP Plus PPT]]>
              </value>
            </param>
          </params>
          <reporter-output>
          </reporter-output>
        </test-method> <!-- dataDrivenMinAssigneeInfoNoStateProjection -->
        <test-method status="PASS" signature="tearDown()[pri:0, instance:Test.Tests@4e04a765]" name="tearDown" is-config="true" duration-ms="638" started-at="2018-10-24T20:43:33Z" finished-at="2018-10-24T20:43:34Z">
          <reporter-output>
          </reporter-output>
        </test-method> <!-- tearDown -->
        <test-method status="PASS" signature="setUp()[pri:0, instance:Test.Tests@4e04a765]" name="setUp" is-config="true" duration-ms="13336" started-at="2018-10-24T20:43:34Z" finished-at="2018-10-24T20:43:47Z">
          <reporter-output>
          </reporter-output>
        </test-method> <!-- setUp -->
        <test-method status="PASS" signature="dataDrivenMinAssigneeInfoNoStateProjection(java.lang.String, java.lang.String, java.lang.String, java.lang.Double, java.lang.String, java.lang.String, java.lang.String)[pri:0, instance:Test.Tests@4e04a765]" name="dataDrivenMinAssigneeInfoNoStateProjection" duration-ms="94606" started-at="2018-10-24T20:43:47Z" data-provider="getData" finished-at="2018-10-24T20:45:22Z">
          <params>
            <param index="0">
              <value>
                <![CDATA[Test Excel 5]]>
              </value>
            </param>
            <param index="1">
              <value>
                <![CDATA[Australia]]>
              </value>
            </param>
            <param index="2">
              <value>
                <![CDATA[Chile]]>
              </value>
            </param>
            <param index="3">
              <value>
                <![CDATA[66500.0]]>
              </value>
            </param>
            <param index="4">
              <value>
                <![CDATA[1/01/18]]>
              </value>
            </param>
            <param index="5">
              <value>
                <![CDATA[12/31/2018]]>
              </value>
            </param>
            <param index="6">
              <value>
                <![CDATA[CP Plus PPT]]>
              </value>
            </param>
          </params>
          <reporter-output>
          </reporter-output>
        </test-method> <!-- dataDrivenMinAssigneeInfoNoStateProjection -->
        <test-method status="PASS" signature="tearDown()[pri:0, instance:Test.Tests@4e04a765]" name="tearDown" is-config="true" duration-ms="761" started-at="2018-10-24T20:45:22Z" finished-at="2018-10-24T20:45:22Z">
          <reporter-output>
          </reporter-output>
        </test-method> <!-- tearDown -->
      </class> <!-- Test.Tests -->
    </test> <!-- Command line test -->
  </suite> <!-- Command line suite -->
</testng-results>
