<?xml version="1.0" encoding="UTF-8"?>
<!-- Generated by org.testng.reporters.JUnitXMLReporter -->
<testsuite hostname="CLDmamanrique01" ignored="0" name="Command line test" tests="10" failures="0" timestamp="22 Oct 2018 18:52:29 GMT" time="605.602" errors="0">
  <testcase name="maxAssigneeInfoNoStateProjeection" time="85.512" classname="Test.Tests"/>
  <testcase name="maxAssigneeInfoNoStateWorksheet" time="42.175" classname="Test.Tests"/>
  <testcase name="maxAssigneeInfoStateProjection" time="36.499" classname="Test.Tests"/>
  <testcase name="maxAssigneeInfoStateWorksheet" time="36.436" classname="Test.Tests"/>
  <testcase name="minAssigneeInfoDependentProjection" time="29.418" classname="Test.Tests"/>
  <testcase name="minAssigneeInfoDependentWorksheet" time="58.565" classname="Test.Tests"/>
  <testcase name="minAssigneeInfoNoStateProjection" time="82.226" classname="Test.Tests"/>
  <testcase name="minAssigneeInfoNoStateWorksheet" time="29.446" classname="Test.Tests"/>
  <testcase name="minAssigneeInfoStateProjection" time="27.079" classname="Test.Tests"/>
  <testcase name="minAssigneeInfoStateWorksheet" time="38.396" classname="Test.Tests"/>
</testsuite> <!-- Command line test -->
