<?xml version="1.0" encoding="UTF-8"?>
<!-- Generated by org.testng.reporters.JUnitXMLReporter -->
<testsuite hostname="CLDmamanrique01" ignored="9" name="Command line test" tests="1" failures="0" timestamp="21 Nov 2018 15:16:41 GMT" time="95.449" errors="0">
  <testcase name="maxAssigneeInfoNoStateProjection" time="86.779" classname="Test.Tests"/>
  <testcase name="maxAssigneeInfoStateWorksheet" time="0.0" classname="Test.Tests">
    <ignored/>
  </testcase> <!-- maxAssigneeInfoStateWorksheet -->
  <testcase name="maxAssigneeInfoStateProjection" time="0.0" classname="Test.Tests">
    <ignored/>
  </testcase> <!-- maxAssigneeInfoStateProjection -->
  <testcase name="minAssigneeInfoNoStateProjection" time="0.0" classname="Test.Tests">
    <ignored/>
  </testcase> <!-- minAssigneeInfoNoStateProjection -->
  <testcase name="minAssigneeInfoStateWorksheet" time="0.0" classname="Test.Tests">
    <ignored/>
  </testcase> <!-- minAssigneeInfoStateWorksheet -->
  <testcase name="minAssigneeInfoDependentWorksheet" time="0.0" classname="Test.Tests">
    <ignored/>
  </testcase> <!-- minAssigneeInfoDependentWorksheet -->
  <testcase name="maxAssigneeInfoNoStateWorksheet" time="0.0" classname="Test.Tests">
    <ignored/>
  </testcase> <!-- maxAssigneeInfoNoStateWorksheet -->
  <testcase name="minAssigneeInfoNoStateWorksheet" time="0.0" classname="Test.Tests">
    <ignored/>
  </testcase> <!-- minAssigneeInfoNoStateWorksheet -->
  <testcase name="minAssigneeInfoStateProjection" time="0.0" classname="Test.Tests">
    <ignored/>
  </testcase> <!-- minAssigneeInfoStateProjection -->
  <testcase name="minAssigneeInfoDependentProjection" time="0.0" classname="Test.Tests">
    <ignored/>
  </testcase> <!-- minAssigneeInfoDependentProjection -->
</testsuite> <!-- Command line test -->
